[2025-02-09 00:56:21] Azure CLI 로그인 상태 확인 중...
[2025-02-09 00:56:22] 네임스페이스 dg0100-usage-ns 생성됨
[2025-02-09 00:56:22] Service Bus 설정 중...
[2025-02-09 00:56:25] Error: Service Bus Namespace 생성 실패 (Exit Code: 3)
[2025-02-09 00:57:07] Azure CLI 로그인 상태 확인 중...
[2025-02-09 00:57:07] 네임스페이스 dg0100-usage-ns 이미 존재함
[2025-02-09 00:57:07] Service Bus 설정 중...
[2025-02-09 00:58:32] Error: Service Bus Namespace 생성 실패 (Exit Code: 1)
[2025-02-09 00:59:50] Azure CLI 로그인 상태 확인 중...
[2025-02-09 00:59:51] 네임스페이스 dg0100-usage-ns 이미 존재함
[2025-02-09 00:59:51] Service Bus 설정 중...
[2025-02-09 01:00:40] MongoDB 설정 중...
[2025-02-09 01:00:59] acl-usage 이미지 빌드/업로드...
[2025-02-09 01:01:04] Error: acl-usage jar 빌드 실패 (Exit Code: 1)
[2025-02-09 01:04:28] Azure CLI 로그인 상태 확인 중...
[2025-02-09 01:04:29] 네임스페이스 dg0100-usage-ns 이미 존재함
[2025-02-09 01:04:29] Service Bus 설정 중...
[2025-02-09 01:04:33] MongoDB 설정 중...
[2025-02-09 01:04:35] acl-usage 이미지 빌드/업로드...
[2025-02-09 01:04:42] notification-mock 이미지 빌드/업로드...
[2025-02-09 01:04:44] Error: notification-mock jar 빌드 실패 (Exit Code: 1)
[2025-02-09 01:06:15] Azure CLI 로그인 상태 확인 중...
[2025-02-09 01:06:16] 네임스페이스 dg0100-usage-ns 이미 존재함
[2025-02-09 01:06:16] Service Bus 설정 중...
[2025-02-09 01:06:20] MongoDB 설정 중...
[2025-02-09 01:06:22] acl-usage 이미지 빌드/업로드...
[2025-02-09 01:07:22] notification-mock 이미지 빌드/업로드...
[2025-02-09 01:07:25] Error: notification-mock jar 빌드 실패 (Exit Code: 1)
[2025-02-09 01:09:37] Azure CLI 로그인 상태 확인 중...
[2025-02-09 01:09:38] 네임스페이스 dg0100-usage-ns 이미 존재함
[2025-02-09 01:09:38] Service Bus 설정 중...
[2025-02-09 01:09:43] MongoDB 설정 중...
[2025-02-09 01:09:45] acl-usage 이미지 빌드/업로드...
[2025-02-09 01:11:00] notification-mock 이미지 빌드/업로드...
[2025-02-09 01:11:02] Error: notification-mock jar 빌드 실패 (Exit Code: 1)
[2025-02-09 01:18:40] Azure CLI 로그인 상태 확인 중...
[2025-02-09 01:18:41] 네임스페이스 dg0100-usage-ns 이미 존재함
[2025-02-09 01:18:44] Service Bus 설정 중...
[2025-02-09 01:18:48] MongoDB 설정 중...
[2025-02-09 01:19:19] acl-usage 이미지 빌드/업로드...
[2025-02-09 01:20:32] notification-mock 이미지 빌드/업로드...
[2025-02-09 01:20:34] Error: notification-mock jar 빌드 실패 (Exit Code: 1)
[2025-02-09 01:24:09] Azure CLI 로그인 상태 확인 중...
[2025-02-09 01:24:11] 네임스페이스 dg0100-usage-ns 이미 존재함
[2025-02-09 01:24:13] Service Bus 설정 중...
[2025-02-09 01:24:18] MongoDB 설정 중...
[2025-02-09 01:24:46] acl-usage 이미지 빌드/업로드...
[2025-02-09 01:25:58] notification-mock 이미지 빌드/업로드...
[2025-02-09 01:27:20] sync 이미지 빌드/업로드...
[2025-02-09 01:28:43] query 이미지 빌드/업로드...
[2025-02-09 01:35:24] Azure CLI 로그인 상태 확인 중...
[2025-02-09 01:35:24] 네임스페이스 dg0100-usage-ns 이미 존재함
[2025-02-09 01:35:27] Service Bus 설정 중...
[2025-02-09 01:35:34] MongoDB 설정 중...
[2025-02-09 01:36:00] acl-usage 이미지 빌드/업로드...
[2025-02-09 01:37:13] acl-usage 서비스 배포중 ...
[2025-02-09 01:37:14] notification-mock 이미지 빌드/업로드...
[2025-02-09 01:38:16] notification-mock 서비스 배포중 ...
[2025-02-09 01:38:17] sync 이미지 빌드/업로드...
[2025-02-09 01:39:36] sync 서비스 배포중 ...
[2025-02-09 01:39:36] query 이미지 빌드/업로드...
[2025-02-09 01:40:40] query 서비스 배포중 ...
[2025-02-09 01:40:41] 모든 서비스 배포 완료
[2025-02-09 02:03:09] Azure CLI 로그인 상태 확인 중...
[2025-02-09 02:03:10] 네임스페이스 dg0100-usage-ns 이미 존재함
[2025-02-09 02:03:13] Service Bus 설정 중...
[2025-02-09 02:03:19] MongoDB 설정 중...
[2025-02-09 02:03:42] acl-usage 이미지 빌드/업로드...
[2025-02-09 02:03:48] Error: acl-usage jar 빌드 실패 (Exit Code: 1)
[2025-02-09 02:07:39] Azure CLI 로그인 상태 확인 중...
[2025-02-09 02:07:40] 네임스페이스 dg0100-usage-ns 이미 존재함
[2025-02-09 02:07:41] Service Bus 설정 중...
[2025-02-09 02:07:45] MongoDB 설정 중...
[2025-02-09 02:08:12] acl-usage 이미지 빌드/업로드...
[2025-02-09 02:09:19] acl-usage 서비스 배포중 ...
[2025-02-09 02:09:20] notification-mock 이미지 빌드/업로드...
[2025-02-09 02:10:23] notification-mock 서비스 배포중 ...
[2025-02-09 02:10:24] sync 이미지 빌드/업로드...
[2025-02-09 02:11:35] sync 서비스 배포중 ...
[2025-02-09 02:11:35] query 이미지 빌드/업로드...
[2025-02-09 02:12:33] query 서비스 배포중 ...
[2025-02-09 02:12:33] 모든 서비스 배포 완료
[2025-02-09 02:22:13] Azure CLI 로그인 상태 확인 중...
[2025-02-09 02:22:14] 네임스페이스 dg0100-usage-ns 이미 존재함
[2025-02-09 02:22:16] Service Bus 설정 중...
[2025-02-09 02:22:21] MongoDB 설정 중...
[2025-02-09 02:22:43] acl-usage 이미지 빌드/업로드...
[2025-02-09 02:24:00] acl-usage 서비스 배포중 ...
[2025-02-09 02:24:00] notification-mock 이미지 빌드/업로드...
[2025-02-09 02:25:06] notification-mock 서비스 배포중 ...
[2025-02-09 02:25:07] sync 이미지 빌드/업로드...
[2025-02-09 02:26:16] sync 서비스 배포중 ...
[2025-02-09 02:26:17] query 이미지 빌드/업로드...
[2025-02-09 02:27:15] query 서비스 배포중 ...
[2025-02-09 02:27:17] 모든 서비스 배포 완료
[2025-02-09 02:32:28] Azure CLI 로그인 상태 확인 중...
[2025-02-09 02:32:29] 네임스페이스 dg0100-usage-ns 이미 존재함
[2025-02-09 02:32:32] Service Bus 설정 중...
[2025-02-09 02:32:37] MongoDB 설정 중...
[2025-02-09 02:33:00] acl-usage 이미지 빌드/업로드...
[2025-02-09 02:34:10] acl-usage 서비스 배포중 ...
[2025-02-09 02:34:11] notification-mock 이미지 빌드/업로드...
[2025-02-09 02:35:12] notification-mock 서비스 배포중 ...
[2025-02-09 02:35:13] sync 이미지 빌드/업로드...
[2025-02-09 02:36:26] sync 서비스 배포중 ...
[2025-02-09 02:36:27] query 이미지 빌드/업로드...
[2025-02-09 02:37:32] query 서비스 배포중 ...
[2025-02-09 02:37:33] 모든 서비스 배포 완료
[2025-02-09 02:38:31] Azure CLI 로그인 상태 확인 중...
[2025-02-09 02:38:32] 네임스페이스 dg0100-usage-ns 이미 존재함
[2025-02-09 02:38:34] Service Bus 설정 중...
[2025-02-09 02:38:38] MongoDB 설정 중...
[2025-02-09 02:39:01] acl-usage 이미지 빌드/업로드...
[2025-02-09 02:40:13] acl-usage 서비스 배포중 ...
[2025-02-09 02:40:14] notification-mock 이미지 빌드/업로드...
[2025-02-09 02:41:19] notification-mock 서비스 배포중 ...
[2025-02-09 02:41:19] sync 이미지 빌드/업로드...
[2025-02-09 02:42:53] sync 서비스 배포중 ...
[2025-02-09 02:42:53] query 이미지 빌드/업로드...
[2025-02-09 02:43:08] query 서비스 배포중 ...
[2025-02-09 02:43:09] 모든 서비스 배포 완료
[2025-02-09 02:43:10] Azure CLI 로그인 상태 확인 중...
[2025-02-09 02:43:11] 네임스페이스 dg0100-usage-ns 이미 존재함
[2025-02-09 02:43:14] Service Bus 설정 중...
[2025-02-09 02:43:18] MongoDB 설정 중...
[2025-02-09 02:43:39] acl-usage 이미지 빌드/업로드...
[2025-02-09 02:44:51] acl-usage 서비스 배포중 ...
[2025-02-09 02:44:52] notification-mock 이미지 빌드/업로드...
[2025-02-09 02:46:01] notification-mock 서비스 배포중 ...
[2025-02-09 02:46:02] sync 이미지 빌드/업로드...
[2025-02-09 02:47:02] sync 서비스 배포중 ...
[2025-02-09 02:47:03] query 이미지 빌드/업로드...
[2025-02-09 02:47:03] Error: query jar 빌드 실패 (Exit Code: 130)
[2025-02-09 02:47:05] Azure CLI 로그인 상태 확인 중...
[2025-02-09 02:47:05] 네임스페이스 dg0100-usage-ns 이미 존재함
[2025-02-09 02:47:07] Service Bus 설정 중...
[2025-02-09 02:47:12] MongoDB 설정 중...
[2025-02-09 02:47:35] acl-usage 이미지 빌드/업로드...
[2025-02-09 02:48:50] acl-usage 서비스 배포중 ...
[2025-02-09 02:48:50] notification-mock 이미지 빌드/업로드...
[2025-02-09 02:49:51] notification-mock 서비스 배포중 ...
[2025-02-09 02:49:52] sync 이미지 빌드/업로드...
[2025-02-09 02:51:01] sync 서비스 배포중 ...
[2025-02-09 02:51:02] query 이미지 빌드/업로드...
[2025-02-09 02:52:01] query 서비스 배포중 ...
[2025-02-09 02:52:01] 모든 서비스 배포 완료
[2025-02-09 03:06:12] Azure CLI 로그인 상태 확인 중...
[2025-02-09 03:06:13] 네임스페이스 dg0100-usage-ns 이미 존재함
[2025-02-09 03:06:17] Service Bus 설정 중...
[2025-02-09 03:06:23] MongoDB 설정 중...
[2025-02-09 03:06:42] acl-usage 이미지 빌드/업로드...
[2025-02-09 03:07:47] acl-usage 서비스 배포중 ...
[2025-02-09 03:07:48] notification-mock 이미지 빌드/업로드...
[2025-02-09 03:08:51] notification-mock 서비스 배포중 ...
[2025-02-09 03:08:52] sync 이미지 빌드/업로드...
[2025-02-09 03:10:07] sync 서비스 배포중 ...
[2025-02-09 03:10:08] query 이미지 빌드/업로드...
[2025-02-09 03:11:06] query 서비스 배포중 ...
[2025-02-09 03:11:06] 모든 서비스 배포 완료
[2025-02-09 03:11:06] query 서비스 배포중 ...
[2025-02-09 03:27:27] Azure CLI 로그인 상태 확인 중...
[2025-02-09 03:27:28] 네임스페이스 dg0100-usage-ns 이미 존재함
[2025-02-09 03:27:30] Service Bus 설정 중...
[2025-02-09 03:27:36] MongoDB 설정 중...
[2025-02-09 03:27:58] query 이미지 빌드/업로드...
[2025-02-09 03:28:59] acl-usage 서비스 배포중 ...
[2025-02-09 03:29:00] notification-mock 서비스 배포중 ...
[2025-02-09 03:29:00] sync 서비스 배포중 ...
[2025-02-09 03:29:01] query 서비스 배포중 ...
[2025-02-09 03:29:01] 모든 서비스 배포 완료
[2025-02-09 03:33:50] Azure CLI 로그인 상태 확인 중...
[2025-02-09 03:33:51] 네임스페이스 dg0100-usage-ns 이미 존재함
[2025-02-09 03:33:53] Service Bus 설정 중...
[2025-02-09 03:33:59] MongoDB 설정 중...
[2025-02-09 03:34:25] query 이미지 빌드/업로드...
[2025-02-09 03:35:25] acl-usage 서비스 배포중 ...
[2025-02-09 03:35:26] notification-mock 서비스 배포중 ...
[2025-02-09 03:35:26] sync 서비스 배포중 ...
[2025-02-09 03:35:27] query 서비스 배포중 ...
[2025-02-09 03:35:27] 모든 서비스 배포 완료
[2025-02-09 03:42:41] Azure CLI 로그인 상태 확인 중...
[2025-02-09 03:42:42] 네임스페이스 dg0100-usage-ns 이미 존재함
[2025-02-09 03:42:45] Service Bus 설정 중...
[2025-02-09 03:42:49] MongoDB 설정 중...
